<?xml version="1.0" encoding="UTF-8"?>
<testsuite xmlns:xsi="http://www.w3.org/2001/XMLSchema-instance" xsi:noNamespaceSchemaLocation="https://maven.apache.org/surefire/maven-surefire-plugin/xsd/surefire-test-report.xsd" name="com.mci.AppTest" time="0.026" tests="6" errors="0" skipped="0" failures="0">
  <properties>
[...]
</properties>
  <testcase name="TestTrainSize" classname="com.mci.AppTest" time="0.003"/>
  <testcase name="trainIsReady" classname="com.mci.AppTest" time="0"/>
  <testcase name="TestTrainLenght" classname="com.mci.AppTest" time="0"/>
  <testcase name="testgetCounterOfLocomotive" classname="com.mci.AppTest" time="0"/>
  <testcase name="testGetCounterOfWagon" classname="com.mci.AppTest" time="0.001"/>
  <testcase name="testGetTotalTrainWeight" classname="com.mci.AppTest" time="0"/>
</testsuite>